<?xml version="1.0" encoding="UTF-8"?>
<testsuite xmlns:xsi="http://www.w3.org/2001/XMLSchema-instance" xsi:noNamespaceSchemaLocation="https://maven.apache.org/surefire/maven-surefire-plugin/xsd/surefire-test-report-3.0.xsd" version="3.0" name="com.database.engine.DatabaseEngineTest" time="0.201" tests="4" errors="0" skipped="0" failures="0">
  <properties>
[...]
</properties>
  <testcase name="testCreateTable" classname="com.database.engine.DatabaseEngineTest" time="0.054">
    <system-out><![CDATA[=== 开始数据库引擎测试 ===
数据库引擎初始化完成

测试1: 创建表
   ✓ 表创建成功
]]></system-out>
  </testcase>
  <testcase name="testInsertData" classname="com.database.engine.DatabaseEngineTest" time="0.016">
    <system-out><![CDATA[
测试2: 插入数据
   ✓ 数据插入成功
]]></system-out>
  </testcase>
  <testcase name="testSelectData" classname="com.database.engine.DatabaseEngineTest" time="0.021">
    <system-out><![CDATA[
测试3: 查询数据
   ✓ 数据查询成功，返回 1 行数据
   查询结果: {name=JUnit测试用户, id=1, age=25}
]]></system-out>
  </testcase>
  <testcase name="testErrorHandling" classname="com.database.engine.DatabaseEngineTest" time="0.001">
    <system-out><![CDATA[
测试4: 错误处理
   ✓ 错误处理正常: 表 nonexistent_table 不存在
]]></system-out>
  </testcase>
</testsuite>